Build started 02/05/2014 13:51:15.
     1>Project "D:\ים המלך\VS2010 Projects\C++ Projects\DirectX 10\Hulk\Hulk\Hulk.vcxproj" on node 2 (build target(s)).
     1>InitializeBuildStatus:
         Creating "Debug\Hulk.unsuccessfulbuild" because "AlwaysCreate" was specified.
       ClCompile:
         C:\Program Files (x86)\Microsoft Visual Studio 10.0\VC\bin\CL.exe /c /ZI /nologo /W3 /WX- /Od /Oy- /D _MBCS /Gm /EHsc /RTC1 /MDd /GS /fp:precise /Zc:wchar_t /Zc:forScope /Fo"Debug\\" /Fd"Debug\vc100.pdb" /Gd /TP /analyze- /errorReport:prompt ApplicationClass.cpp
         ApplicationClass.cpp
     1>d:\ים המלך\vs2010 projects\c++ projects\directx 10\hulk\hulk\applicationclass.cpp(232): warning C4244: 'argument' : conversion from 'float' to 'int', possible loss of data
     1>d:\ים המלך\vs2010 projects\c++ projects\directx 10\hulk\hulk\applicationclass.cpp(232): warning C4244: 'argument' : conversion from 'float' to 'int', possible loss of data
     1>d:\ים המלך\vs2010 projects\c++ projects\directx 10\hulk\hulk\applicationclass.cpp(242): warning C4305: 'initializing' : truncation from 'double' to 'float'
     1>d:\ים המלך\vs2010 projects\c++ projects\directx 10\hulk\hulk\applicationclass.cpp(258): warning C4244: 'argument' : conversion from 'float' to 'unsigned short', possible loss of data
     1>d:\ים המלך\vs2010 projects\c++ projects\directx 10\hulk\hulk\applicationclass.cpp(258): warning C4244: 'argument' : conversion from 'float' to 'unsigned short', possible loss of data
       Link:
         C:\Program Files (x86)\Microsoft Visual Studio 10.0\VC\bin\link.exe /ERRORREPORT:PROMPT /OUT:"D:\ים המלך\VS2010 Projects\C++ Projects\DirectX 10\Hulk\Debug\Hulk.exe" /NOLOGO kernel32.lib user32.lib gdi32.lib winspool.lib comdlg32.lib advapi32.lib shell32.lib ole32.lib oleaut32.lib uuid.lib odbc32.lib odbccp32.lib /MANIFEST /ManifestFile:"Debug\Hulk.exe.intermediate.manifest" /MANIFESTUAC:"level='asInvoker' uiAccess='false'" /DEBUG /PDB:"D:\ים המלך\VS2010 Projects\C++ Projects\DirectX 10\Hulk\Debug\Hulk.pdb" /TLBID:1 /DYNAMICBASE /NXCOMPAT /IMPLIB:"D:\ים המלך\VS2010 Projects\C++ Projects\DirectX 10\Hulk\Debug\Hulk.lib" /MACHINE:X86 Debug\ApplicationClass.obj
         Debug\BoxClass.obj
         Debug\CameraClass.obj
         Debug\ColorShaderClass.obj
         Debug\DirectXClass.obj
         Debug\FontClass.obj
         Debug\FontShaderClass.obj
         Debug\FrustumClass.obj
         Debug\InputClass.obj
         Debug\LightClass.obj
         Debug\Main.obj
         Debug\SpecMapModelClass.obj
         Debug\SpecMapShaderClass.obj
         Debug\TextClass.obj
         Debug\TextureClass.obj
         Debug\WindowClass.obj
         LINK : D:\ים המלך\VS2010 Projects\C++ Projects\DirectX 10\Hulk\Debug\Hulk.exe not found or not built by the last incremental link; performing full link
         Hulk.vcxproj -> D:\ים המלך\VS2010 Projects\C++ Projects\DirectX 10\Hulk\Debug\Hulk.exe
       Manifest:
         C:\Program Files (x86)\Microsoft SDKs\Windows\v7.0A\bin\mt.exe /nologo /verbose /outputresource:"D:\ים המלך\VS2010 Projects\C++ Projects\DirectX 10\Hulk\Debug\Hulk.exe;#1" /manifest Debug\Hulk.exe.intermediate.manifest
       FinalizeBuildStatus:
         Deleting file "Debug\Hulk.unsuccessfulbuild".
         Touching "Debug\Hulk.lastbuildstate".
     1>Done Building Project "D:\ים המלך\VS2010 Projects\C++ Projects\DirectX 10\Hulk\Hulk\Hulk.vcxproj" (build target(s)).

Build succeeded.

Time Elapsed 00:00:01.94
